<?xml version="1.0" encoding="UTF-8"?>
<!-- Generated by org.testng.reporters.JUnitXMLReporter -->
<testsuite ignored="0" hostname="DESKTOP-0BGV61L" failures="0" tests="5" name="Default test" time="6.102" errors="0" timestamp="2022-08-15T02:21:32 BST">
  <testcase classname="getRequest.ProductCatalogue" name="deletetProduct" time="4.612"/>
  <testcase classname="getRequest.ProductCatalogue" name="getAllProducts" time="0.416"/>
  <testcase classname="getRequest.ProductCatalogue" name="getSingleProduct" time="0.282"/>
  <testcase classname="getRequest.ProductCatalogue" name="postProduct" time="0.378"/>
  <testcase classname="getRequest.ProductCatalogue" name="putProduct" time="0.275"/>
</testsuite> <!-- Default test -->
