<?xml version="1.0" encoding="UTF-8"?>
<testng-results ignored="0" total="5" passed="5" failed="0" skipped="0">
  <reporter-output>
  </reporter-output>
  <suite started-at="2022-08-15T02:21:26 BST" name="Default suite" finished-at="2022-08-15T02:21:32 BST" duration-ms="6102">
    <groups>
    </groups>
    <test started-at="2022-08-15T02:21:26 BST" name="Default test" finished-at="2022-08-15T02:21:32 BST" duration-ms="6102">
      <class name="getRequest.ProductCatalogue">
        <test-method signature="deletetProduct()[pri:0, instance:getRequest.ProductCatalogue@503d687a]" started-at="2022-08-15T02:21:26 BST" name="deletetProduct" finished-at="2022-08-15T02:21:30 BST" duration-ms="4612" status="PASS">
          <reporter-output>
          </reporter-output>
        </test-method> <!-- deletetProduct -->
        <test-method signature="getAllProducts()[pri:0, instance:getRequest.ProductCatalogue@503d687a]" started-at="2022-08-15T02:21:30 BST" name="getAllProducts" finished-at="2022-08-15T02:21:31 BST" duration-ms="416" status="PASS">
          <reporter-output>
          </reporter-output>
        </test-method> <!-- getAllProducts -->
        <test-method signature="getSingleProduct()[pri:0, instance:getRequest.ProductCatalogue@503d687a]" started-at="2022-08-15T02:21:31 BST" name="getSingleProduct" finished-at="2022-08-15T02:21:31 BST" duration-ms="282" status="PASS">
          <reporter-output>
          </reporter-output>
        </test-method> <!-- getSingleProduct -->
        <test-method signature="postProduct()[pri:0, instance:getRequest.ProductCatalogue@503d687a]" started-at="2022-08-15T02:21:31 BST" name="postProduct" finished-at="2022-08-15T02:21:31 BST" duration-ms="378" status="PASS">
          <reporter-output>
          </reporter-output>
        </test-method> <!-- postProduct -->
        <test-method signature="putProduct()[pri:0, instance:getRequest.ProductCatalogue@503d687a]" started-at="2022-08-15T02:21:31 BST" name="putProduct" finished-at="2022-08-15T02:21:32 BST" duration-ms="275" status="PASS">
          <reporter-output>
          </reporter-output>
        </test-method> <!-- putProduct -->
      </class> <!-- getRequest.ProductCatalogue -->
    </test> <!-- Default test -->
  </suite> <!-- Default suite -->
</testng-results>
